K3765-Z BL1 0.4 direct Linux Image boot
Mode  : validated non-returning Image handoff
Flash : untouched; RAM execution only
Input images
Image size     : 0x00367770
DTB size       : 0x00000225
Host marker    : 0x494D4731
Image fingerprints and DTB validation
Image sparse fingerprints: PASS
DTB magic      : 0xEDFE0DD0
DTB total size : 0x00000225
Linux entry state
CPSR           : 0x200000D3
SCTLR          : 0x00051078
PC             : 0x00208000
r0             : 0x00000000
r1             : 0xFFFFFFFF
r2             : 0x01F80000
Validation PASS
LED checkpoint : blue
JUMPING DIRECTLY TO DECOMPRESSED LINUX IMAGE
Shadow-MSM: entered decompressed Linux head.S
Shadow-MSM: ARM926 processor lookup passed
Shadow-MSM: initial page tables created
Shadow-MSM: calling ARM926 processor setup
Shadow-MSM: entered ARM926 setup
Shadow-MSM: ARM926 cache invalidate returned
Shadow-MSM: ARM926 TLB invalidate returned
Shadow-MSM: ARM926 control word ready
Shadow-MSM: ARM926 setup returned; enabling MMU next
Shadow-MSM: MMU enabled; identity execution continues
Shadow-MSM: entered __mmap_switched at the kernel virtual address
Shadow-MSM: __mmap_switched cleared BSS
Shadow-MSM: branching to start_kernel
Transport disconnected after handoff: GetOverlappedResult failed (PermissionError(13, 'A device attached to the system is not functioning.', None, 31))
