K3765-Z BL1 0.4 direct Linux Image boot
Mode  : validated non-returning Image handoff
Flash : untouched; RAM execution only
Input images
Image size     :
0x00367770
DTB size       :
0x00000225
Host marker     :
0x494D4731
Image fingerprints and DTB validation
Image sparse fingerprints: PASS
DTB magic      :
0xEDFE0DD0
DTB total size :
0x00000225
Linux entry state
CPSR            :
0x200000D3
SCTLR           :
0x00051078
PC              :
0x00208000
r0              :
0x00000000
r1              :
0xFFFFFFFF
r2              :
0x01F80000
Validation PASS
LED checkpoint  : blue
JUMPING DIRECTLY TO DECOMPRESSED LINUX IMAGE
Shadow-MSM: entered decompressed Linux head.S
Shadow-MSM: ARM926 processor lookup passed
Shadow-MSM: initial page tables created
No new target frame for 30 seconds.
