K3765-Z BL1 0.3 Linux boot
Mode  : validated non-returning zImage handoff
Flash : untouched; RAM execution only
Input images
zImage size    :
0x001A4420
DTB size       :
0x00000225
Host marker     :
0x4C4E5831
Header validation
zImage magic   :
0x016F2818
zImage hdr start:
0x00000000
zImage hdr end :
0x001A4420
DTB magic      :
0xEDFE0DD0
DTB total size :
0x00000225
Linux entry state
CPSR            :
0x200000D3
SCTLR           :
0x00051078
PC              :
0x01200000
r0              :
0x00000000
r1              :
0xFFFFFFFF
r2              :
0x01F80000
Validation PASS
LED checkpoint  : blue
JUMPING TO LINUX; BL1 WILL NOT RETURN
Uncompressing Linux...
Transport disconnected after handoff: GetOverlappedResult failed (PermissionError(13, 'A device attached to the system is not functioning.', None, 31))
